<?xml version="1.0" encoding="UTF-8"?>
<!-- Generated by org.testng.reporters.JUnitReportReporter -->
<testsuite hostname="AlamFaleela" failures="0" tests="1" name="tests.ValidLogin" time="4.181" errors="0" timestamp="2025-06-01T04:07:42 IST" skipped="0">
  <testcase classname="tests.ValidLogin" name="loginTest" time="4.181"/>
</testsuite> <!-- tests.ValidLogin -->
