<?xml version="1.0" encoding="UTF-8"?>
<!-- Generated by org.testng.reporters.JUnitReportReporter -->
<testsuite hostname="AlamFaleela" failures="0" tests="1" name="base.TestBase" time="3.325" errors="0" timestamp="2025-05-19T19:19:33 IST" skipped="0">
  <testcase classname="base.TestBase" name="test" time="3.325"/>
</testsuite> <!-- base.TestBase -->
