<?xml version="1.0" encoding="UTF-8"?>
<!-- Generated by org.testng.reporters.JUnitReportReporter -->
<testsuite hostname="AlamFaleela" failures="0" tests="1" name="tests.LoginTest" time="3.666" errors="0" timestamp="2025-05-26T08:19:11 IST" skipped="0">
  <testcase classname="tests.LoginTest" name="loginTest" time="3.666"/>
</testsuite> <!-- tests.LoginTest -->
